# JRE version: OpenJDK Runtime Environment (8.0_212-b04) (build 1.8.0_212-release-1586-b04)
# Java VM: OpenJDK 64-Bit Server VM (25.212-b04 mixed mode windows-amd64 compressed oops)
Heap:
 PSYoungGen      total 220160K, used 220072K [0x00000000e0000000, 0x00000000f2480000, 0x0000000100000000)
  eden space 195584K, 99% used [0x00000000e0000000,0x00000000ebeee700,0x00000000ebf00000)
  from space 24576K, 99% used [0x00000000ebf00000,0x00000000ed6fbbe0,0x00000000ed700000)
  to   space 37888K, 99% used [0x00000000eff80000,0x00000000f247e290,0x00000000f2480000)
 ParOldGen       total 227328K, used 70617K [0x00000000a0000000, 0x00000000ade00000, 0x00000000e0000000)
  object space 227328K, 31% used [0x00000000a0000000,0x00000000a44fc7c0,0x00000000ade00000)
 Metaspace       used 83651K, capacity 87702K, committed 87896K, reserved 1124352K
  class space    used 11231K, capacity 12004K, committed 12120K, reserved 1048576K
GC Heap History (10 events):
Event: 11.980 GC heap after
Heap after GC invocations=10 (full 2):
 PSYoungGen      total 195072K, used 18429K [0x00000000e0000000, 0x00000000edb80000, 0x0000000100000000)
  eden space 176640K, 0% used [0x00000000e0000000,0x00000000e0000000,0x00000000eac80000)
  from space 18432K, 99% used [0x00000000ec300000,0x00000000ed4ff408,0x00000000ed500000)
  to   space 23040K, 0% used [0x00000000eac80000,0x00000000eac80000,0x00000000ec300000)
 ParOldGen       total 150016K, used 25212K [0x00000000a0000000, 0x00000000a9280000, 0x00000000e0000000)
  object space 150016K, 16% used [0x00000000a0000000,0x00000000a189f2c8,0x00000000a9280000)
 Metaspace       used 57086K, capacity 59094K, committed 59096K, reserved 1099776K
  class space    used 7914K, capacity 8408K, committed 8408K, reserved 1048576K
}
Event: 11.980 GC heap before
{Heap before GC invocations=11 (full 3):
 PSYoungGen      total 195072K, used 18429K [0x00000000e0000000, 0x00000000edb80000, 0x0000000100000000)
  eden space 176640K, 0% used [0x00000000e0000000,0x00000000e0000000,0x00000000eac80000)
  from space 18432K, 99% used [0x00000000ec300000,0x00000000ed4ff408,0x00000000ed500000)
  to   space 23040K, 0% used [0x00000000eac80000,0x00000000eac80000,0x00000000ec300000)
 ParOldGen       total 150016K, used 25212K [0x00000000a0000000, 0x00000000a9280000, 0x00000000e0000000)
  object space 150016K, 16% used [0x00000000a0000000,0x00000000a189f2c8,0x00000000a9280000)
 Metaspace       used 57086K, capacity 59094K, committed 59096K, reserved 1099776K
  class space    used 7914K, capacity 8408K, committed 8408K, reserved 1048576K
Event: 12.240 GC heap after
Heap after GC invocations=11 (full 3):
 PSYoungGen      total 195072K, used 0K [0x00000000e0000000, 0x00000000edb80000, 0x0000000100000000)
  eden space 176640K, 0% used [0x00000000e0000000,0x00000000e0000000,0x00000000eac80000)
  from space 18432K, 0% used [0x00000000ec300000,0x00000000ec300000,0x00000000ed500000)
  to   space 23040K, 0% used [0x00000000eac80000,0x00000000eac80000,0x00000000ec300000)
 ParOldGen       total 227328K, used 36484K [0x00000000a0000000, 0x00000000ade00000, 0x00000000e0000000)
  object space 227328K, 16% used [0x00000000a0000000,0x00000000a23a1310,0x00000000ade00000)
 Metaspace       used 56979K, capacity 58822K, committed 59096K, reserved 1099776K
  class space    used 7879K, capacity 8346K, committed 8408K, reserved 1048576K
}
Event: 14.137 GC heap before
{Heap before GC invocations=12 (full 3):
 PSYoungGen      total 195072K, used 176640K [0x00000000e0000000, 0x00000000edb80000, 0x0000000100000000)
  eden space 176640K, 100% used [0x00000000e0000000,0x00000000eac80000,0x00000000eac80000)
  from space 18432K, 0% used [0x00000000ec300000,0x00000000ec300000,0x00000000ed500000)
  to   space 23040K, 0% used [0x00000000eac80000,0x00000000eac80000,0x00000000ec300000)
 ParOldGen       total 227328K, used 36484K [0x00000000a0000000, 0x00000000ade00000, 0x00000000e0000000)
  object space 227328K, 16% used [0x00000000a0000000,0x00000000a23a1310,0x00000000ade00000)
 Metaspace       used 63035K, capacity 65612K, committed 65752K, reserved 1105920K
  class space    used 8783K, capacity 9319K, committed 9432K, reserved 1048576K
Event: 14.148 GC heap after
Heap after GC invocations=12 (full 3):
 PSYoungGen      total 199680K, used 13733K [0x00000000e0000000, 0x00000000ef000000, 0x0000000100000000)
  eden space 176640K, 0% used [0x00000000e0000000,0x00000000e0000000,0x00000000eac80000)
  from space 23040K, 59% used [0x00000000eac80000,0x00000000eb9e96e8,0x00000000ec300000)
  to   space 22528K, 0% used [0x00000000eda00000,0x00000000eda00000,0x00000000ef000000)
 ParOldGen       total 227328K, used 36492K [0x00000000a0000000, 0x00000000ade00000, 0x00000000e0000000)
  object space 227328K, 16% used [0x00000000a0000000,0x00000000a23a3310,0x00000000ade00000)
 Metaspace       used 63035K, capacity 65612K, committed 65752K, reserved 1105920K
  class space    used 8783K, capacity 9319K, committed 9432K, reserved 1048576K
}
Event: 458.722 GC heap before
{Heap before GC invocations=13 (full 3):
 PSYoungGen      total 199680K, used 190373K [0x00000000e0000000, 0x00000000ef000000, 0x0000000100000000)
  eden space 176640K, 100% used [0x00000000e0000000,0x00000000eac80000,0x00000000eac80000)
  from space 23040K, 59% used [0x00000000eac80000,0x00000000eb9e96e8,0x00000000ec300000)
  to   space 22528K, 0% used [0x00000000eda00000,0x00000000eda00000,0x00000000ef000000)
 ParOldGen       total 227328K, used 36492K [0x00000000a0000000, 0x00000000ade00000, 0x00000000e0000000)
  object space 227328K, 16% used [0x00000000a0000000,0x00000000a23a3310,0x00000000ade00000)
 Metaspace       used 73050K, capacity 75790K, committed 75992K, reserved 1114112K
  class space    used 9772K, capacity 10384K, committed 10456K, reserved 1048576K
Event: 458.744 GC heap after
Heap after GC invocations=13 (full 3):
 PSYoungGen      total 217088K, used 19917K [0x00000000e0000000, 0x00000000eef00000, 0x0000000100000000)
  eden space 195584K, 0% used [0x00000000e0000000,0x00000000e0000000,0x00000000ebf00000)
  from space 21504K, 92% used [0x00000000eda00000,0x00000000eed73760,0x00000000eef00000)
  to   space 24576K, 0% used [0x00000000ebf00000,0x00000000ebf00000,0x00000000ed700000)
 ParOldGen       total 227328K, used 36500K [0x00000000a0000000, 0x00000000ade00000, 0x00000000e0000000)
  object space 227328K, 16% used [0x00000000a0000000,0x00000000a23a5310,0x00000000ade00000)
 Metaspace       used 73050K, capacity 75790K, committed 75992K, reserved 1114112K
  class space    used 9772K, capacity 10384K, committed 10456K, reserved 1048576K
}
Event: 460.920 GC heap before
{Heap before GC invocations=14 (full 3):
 PSYoungGen      total 217088K, used 215501K [0x00000000e0000000, 0x00000000eef00000, 0x0000000100000000)
  eden space 195584K, 100% used [0x00000000e0000000,0x00000000ebf00000,0x00000000ebf00000)
  from space 21504K, 92% used [0x00000000eda00000,0x00000000eed73760,0x00000000eef00000)
  to   space 24576K, 0% used [0x00000000ebf00000,0x00000000ebf00000,0x00000000ed700000)
 ParOldGen       total 227328K, used 36500K [0x00000000a0000000, 0x00000000ade00000, 0x00000000e0000000)
  object space 227328K, 16% used [0x00000000a0000000,0x00000000a23a5310,0x00000000ade00000)
 Metaspace       used 81694K, capacity 85402K, committed 85464K, reserved 1122304K
  class space    used 11027K, capacity 11720K, committed 11736K, reserved 1048576K
Event: 460.966 GC heap after
Heap after GC invocations=14 (full 3):
 PSYoungGen      total 220160K, used 24558K [0x00000000e0000000, 0x00000000f2480000, 0x0000000100000000)
  eden space 195584K, 0% used [0x00000000e0000000,0x00000000e0000000,0x00000000ebf00000)
  from space 24576K, 99% used [0x00000000ebf00000,0x00000000ed6fbbe0,0x00000000ed700000)
  to   space 37888K, 0% used [0x00000000eff80000,0x00000000eff80000,0x00000000f2480000)
 ParOldGen       total 227328K, used 64417K [0x00000000a0000000, 0x00000000ade00000, 0x00000000e0000000)
  object space 227328K, 28% used [0x00000000a0000000,0x00000000a3ee86d0,0x00000000ade00000)
 Metaspace       used 81694K, capacity 85402K, committed 85464K, reserved 1122304K
  class space    used 11027K, capacity 11720K, committed 11736K, reserved 1048576K
}
Event: 580.267 GC heap before
{Heap before GC invocations=15 (full 3):
 PSYoungGen      total 220160K, used 220072K [0x00000000e0000000, 0x00000000f2480000, 0x0000000100000000)
  eden space 195584K, 99% used [0x00000000e0000000,0x00000000ebeee700,0x00000000ebf00000)
  from space 24576K, 99% used [0x00000000ebf00000,0x00000000ed6fbbe0,0x00000000ed700000)
  to   space 37888K, 0% used [0x00000000eff80000,0x00000000eff80000,0x00000000f2480000)
 ParOldGen       total 227328K, used 64417K [0x00000000a0000000, 0x00000000ade00000, 0x00000000e0000000)
  object space 227328K, 28% used [0x00000000a0000000,0x00000000a3ee86d0,0x00000000ade00000)
 Metaspace       used 83651K, capacity 87702K, committed 87896K, reserved 1124352K
  class space    used 11231K, capacity 12004K, committed 12120K, reserved 1048576K

